Flow report for multicycle
Tue Mar 25 11:45:20 2014
Quartus II 64-Bit Version 11.1 Build 259 01/25/2012 Service Pack 2 SJ Full Version


---------------------
; Table of Contents ;
---------------------
  1. Legal Notice
  2. Flow Summary
  3. Flow Settings
  4. Flow Non-Default Global Settings
  5. Flow Elapsed Time
  6. Flow OS Summary
  7. Flow Log



----------------
; Legal Notice ;
----------------
Copyright (C) 1991-2011 Altera Corporation
Your use of Altera Corporation's design tools, logic functions 
and other software and tools, and its AMPP partner logic 
functions, and any output files from any of the foregoing 
(including device programming or simulation files), and any 
associated documentation or information are expressly subject 
to the terms and conditions of the Altera Program License 
Subscription Agreement, Altera MegaCore Function License 
Agreement, or other applicable license agreement, including, 
without limitation, that your use is for the sole purpose of 
programming logic devices manufactured by Altera and sold by 
Altera or its authorized distributors.  Please refer to the 
applicable agreement for further details.



+-------------------------------------------------------------------------------------+
; Flow Summary                                                                        ;
+------------------------------------+------------------------------------------------+
; Flow Status                        ; Successful - Tue Mar 25 11:45:20 2014          ;
; Quartus II 64-Bit Version          ; 11.1 Build 259 01/25/2012 SP 2 SJ Full Version ;
; Revision Name                      ; multicycle                                     ;
; Top-level Entity Name              ; multicycle                                     ;
; Family                             ; Cyclone II                                     ;
; Device                             ; EP2C35F672C6                                   ;
; Timing Models                      ; Final                                          ;
; Total logic elements               ; 281 / 33,216 ( < 1 % )                         ;
;     Total combinational functions  ; 270 / 33,216 ( < 1 % )                         ;
;     Dedicated logic registers      ; 106 / 33,216 ( < 1 % )                         ;
; Total registers                    ; 106                                            ;
; Total pins                         ; 86 / 475 ( 18 % )                              ;
; Total virtual pins                 ; 0                                              ;
; Total memory bits                  ; 2,048 / 483,840 ( < 1 % )                      ;
; Embedded Multiplier 9-bit elements ; 0 / 70 ( 0 % )                                 ;
; Total PLLs                         ; 0 / 4 ( 0 % )                                  ;
+------------------------------------+------------------------------------------------+


+-----------------------------------------+
; Flow Settings                           ;
+-------------------+---------------------+
; Option            ; Setting             ;
+-------------------+---------------------+
; Start date & time ; 03/25/2014 11:43:25 ;
; Main task         ; Compilation         ;
; Revision Name     ; multicycle          ;
+-------------------+---------------------+


+---------------------------------------------------------------------------------------------------------------+
; Flow Non-Default Global Settings                                                                              ;
+-------------------------------------+------------------------------+---------------+-------------+------------+
; Assignment Name                     ; Value                        ; Default Value ; Entity Name ; Section Id ;
+-------------------------------------+------------------------------+---------------+-------------+------------+
; COMPILER_SIGNATURE_ID               ; 156980628709.139576220502976 ; --            ; --          ; --         ;
; IP_TOOL_NAME                        ; LPM_MUX                      ; --            ; --          ; --         ;
; IP_TOOL_NAME                        ; LPM_MUX                      ; --            ; --          ; --         ;
; IP_TOOL_NAME                        ; LPM_MUX                      ; --            ; --          ; --         ;
; IP_TOOL_VERSION                     ; 11.1                         ; --            ; --          ; --         ;
; IP_TOOL_VERSION                     ; 11.1                         ; --            ; --          ; --         ;
; IP_TOOL_VERSION                     ; 11.1                         ; --            ; --          ; --         ;
; MISC_FILE                           ; mux4to1_4bits_bb.v           ; --            ; --          ; --         ;
; MISC_FILE                           ; mux5to1.bsf                  ; --            ; --          ; --         ;
; MISC_FILE                           ; mux5to1_bb.v                 ; --            ; --          ; --         ;
; MISC_FILE                           ; mux6to1_8bit.bsf             ; --            ; --          ; --         ;
; MISC_FILE                           ; mux6to1_8bit_bb.v            ; --            ; --          ; --         ;
; PARTITION_COLOR                     ; 16764057                     ; --            ; --          ; Top        ;
; PARTITION_FITTER_PRESERVATION_LEVEL ; PLACEMENT_AND_ROUTING        ; --            ; --          ; Top        ;
; PARTITION_NETLIST_TYPE              ; SOURCE                       ; --            ; --          ; Top        ;
; SMART_RECOMPILE                     ; On                           ; Off           ; --          ; --         ;
+-------------------------------------+------------------------------+---------------+-------------+------------+


+-------------------------------------------------------------------------------------------------------------------------------+
; Flow Elapsed Time                                                                                                             ;
+---------------------------+--------------+-------------------------+---------------------+------------------------------------+
; Module Name               ; Elapsed Time ; Average Processors Used ; Peak Virtual Memory ; Total CPU Time (on all processors) ;
+---------------------------+--------------+-------------------------+---------------------+------------------------------------+
; Analysis & Synthesis      ; 00:00:27     ; 1.0                     ; 401 MB              ; 00:00:16                           ;
; Fitter                    ; 00:00:09     ; 2.0                     ; 555 MB              ; 00:00:10                           ;
; Assembler                 ; 00:00:05     ; 1.0                     ; 414 MB              ; 00:00:03                           ;
; TimeQuest Timing Analyzer ; 00:00:09     ; 1.0                     ; 428 MB              ; 00:00:04                           ;
; MIF/HEX Update            ; 00:00:01     ; 1.0                     ; 383 MB              ; 00:00:01                           ;
; Assembler                 ; 00:00:04     ; 1.0                     ; 423 MB              ; 00:00:03                           ;
; Total                     ; 00:00:55     ; --                      ; --                  ; 00:00:37                           ;
+---------------------------+--------------+-------------------------+---------------------+------------------------------------+


+----------------------------------------------------------------------------------------+
; Flow OS Summary                                                                        ;
+---------------------------+------------------+-----------+------------+----------------+
; Module Name               ; Machine Hostname ; OS Name   ; OS Version ; Processor type ;
+---------------------------+------------------+-----------+------------+----------------+
; Analysis & Synthesis      ; BA3135WS22       ; Windows 7 ; 6.1        ; x86_64         ;
; Fitter                    ; BA3135WS22       ; Windows 7 ; 6.1        ; x86_64         ;
; Assembler                 ; BA3135WS22       ; Windows 7 ; 6.1        ; x86_64         ;
; TimeQuest Timing Analyzer ; BA3135WS22       ; Windows 7 ; 6.1        ; x86_64         ;
; MIF/HEX Update            ; BA3135WS22       ; Windows 7 ; 6.1        ; x86_64         ;
; Assembler                 ; BA3135WS22       ; Windows 7 ; 6.1        ; x86_64         ;
+---------------------------+------------------+-----------+------------+----------------+


------------
; Flow Log ;
------------
quartus_map --read_settings_files=on --write_settings_files=off multicycle -c multicycle
quartus_fit --read_settings_files=off --write_settings_files=off multicycle -c multicycle
quartus_asm --read_settings_files=off --write_settings_files=off multicycle -c multicycle
quartus_sta multicycle -c multicycle
quartus_cdb multicycle -c multicycle --update_mif
quartus_asm --read_settings_files=on --write_settings_files=off multicycle -c multicycle



