Analysis & Synthesis report for multicycle
Tue Mar 25 11:43:53 2014
Quartus II 64-Bit Version 11.1 Build 259 01/25/2012 Service Pack 2 SJ Full Version


---------------------
; Table of Contents ;
---------------------
  1. Legal Notice
  2. Analysis & Synthesis Summary
  3. Analysis & Synthesis Settings
  4. Parallel Compilation
  5. Analysis & Synthesis Source Files Read
  6. Analysis & Synthesis Resource Usage Summary
  7. Analysis & Synthesis Resource Utilization by Entity
  8. Analysis & Synthesis RAM Summary
  9. Analysis & Synthesis IP Cores Summary
 10. State Machine - |multicycle|FSM:Control|state
 11. Registers Removed During Synthesis
 12. General Register Statistics
 13. Multiplexer Restructuring Statistics (Restructuring Performed)
 14. Source assignments for memory:DataMem|DataMemory:inst|altsyncram:altsyncram_component|altsyncram_8mc1:auto_generated
 15. Parameter Settings for User Entity Instance: FSM:Control
 16. Parameter Settings for User Entity Instance: memory:DataMem|DataMemory:inst|altsyncram:altsyncram_component
 17. Parameter Settings for User Entity Instance: mux4to1_4bits:R1Sel_mux|lpm_mux:LPM_MUX_component
 18. Parameter Settings for User Entity Instance: mux6to1_8bit:ALU2_mux|lpm_mux:LPM_MUX_component
 19. Parameter Settings for User Entity Instance: sExtend:SE4
 20. Parameter Settings for User Entity Instance: zExtend:ZE3
 21. Parameter Settings for User Entity Instance: zExtend:ZE5
 22. altsyncram Parameter Settings by Entity Instance
 23. Port Connectivity Checks: "mux6to1_8bit:ALU2_mux"
 24. Port Connectivity Checks: "RF:RF_block"
 25. Elapsed Time Per Partition
 26. Analysis & Synthesis Messages



----------------
; Legal Notice ;
----------------
Copyright (C) 1991-2011 Altera Corporation
Your use of Altera Corporation's design tools, logic functions 
and other software and tools, and its AMPP partner logic 
functions, and any output files from any of the foregoing 
(including device programming or simulation files), and any 
associated documentation or information are expressly subject 
to the terms and conditions of the Altera Program License 
Subscription Agreement, Altera MegaCore Function License 
Agreement, or other applicable license agreement, including, 
without limitation, that your use is for the sole purpose of 
programming logic devices manufactured by Altera and sold by 
Altera or its authorized distributors.  Please refer to the 
applicable agreement for further details.



+-------------------------------------------------------------------------------------+
; Analysis & Synthesis Summary                                                        ;
+------------------------------------+------------------------------------------------+
; Analysis & Synthesis Status        ; Successful - Tue Mar 25 11:43:52 2014          ;
; Quartus II 64-Bit Version          ; 11.1 Build 259 01/25/2012 SP 2 SJ Full Version ;
; Revision Name                      ; multicycle                                     ;
; Top-level Entity Name              ; multicycle                                     ;
; Family                             ; Cyclone II                                     ;
; Total logic elements               ; 321                                            ;
;     Total combinational functions  ; 270                                            ;
;     Dedicated logic registers      ; 106                                            ;
; Total registers                    ; 106                                            ;
; Total pins                         ; 86                                             ;
; Total virtual pins                 ; 0                                              ;
; Total memory bits                  ; 2,048                                          ;
; Embedded Multiplier 9-bit elements ; 0                                              ;
; Total PLLs                         ; 0                                              ;
+------------------------------------+------------------------------------------------+


+----------------------------------------------------------------------------------------------------------------------+
; Analysis & Synthesis Settings                                                                                        ;
+----------------------------------------------------------------------------+--------------------+--------------------+
; Option                                                                     ; Setting            ; Default Value      ;
+----------------------------------------------------------------------------+--------------------+--------------------+
; Device                                                                     ; EP2C35F672C6       ;                    ;
; Top-level entity name                                                      ; multicycle         ; multicycle         ;
; Family name                                                                ; Cyclone II         ; Cyclone IV GX      ;
; Use smart compilation                                                      ; On                 ; Off                ;
; Enable parallel Assembler and TimeQuest Timing Analyzer during compilation ; On                 ; On                 ;
; Enable compact report table                                                ; Off                ; Off                ;
; Restructure Multiplexers                                                   ; Auto               ; Auto               ;
; Create Debugging Nodes for IP Cores                                        ; Off                ; Off                ;
; Preserve fewer node names                                                  ; On                 ; On                 ;
; Disable OpenCore Plus hardware evaluation                                  ; Off                ; Off                ;
; Verilog Version                                                            ; Verilog_2001       ; Verilog_2001       ;
; VHDL Version                                                               ; VHDL_1993          ; VHDL_1993          ;
; State Machine Processing                                                   ; Auto               ; Auto               ;
; Safe State Machine                                                         ; Off                ; Off                ;
; Extract Verilog State Machines                                             ; On                 ; On                 ;
; Extract VHDL State Machines                                                ; On                 ; On                 ;
; Ignore Verilog initial constructs                                          ; Off                ; Off                ;
; Iteration limit for constant Verilog loops                                 ; 5000               ; 5000               ;
; Iteration limit for non-constant Verilog loops                             ; 250                ; 250                ;
; Add Pass-Through Logic to Inferred RAMs                                    ; On                 ; On                 ;
; Infer RAMs from Raw Logic                                                  ; On                 ; On                 ;
; Parallel Synthesis                                                         ; On                 ; On                 ;
; DSP Block Balancing                                                        ; Auto               ; Auto               ;
; NOT Gate Push-Back                                                         ; On                 ; On                 ;
; Power-Up Don't Care                                                        ; On                 ; On                 ;
; Remove Redundant Logic Cells                                               ; Off                ; Off                ;
; Remove Duplicate Registers                                                 ; On                 ; On                 ;
; Ignore CARRY Buffers                                                       ; Off                ; Off                ;
; Ignore CASCADE Buffers                                                     ; Off                ; Off                ;
; Ignore GLOBAL Buffers                                                      ; Off                ; Off                ;
; Ignore ROW GLOBAL Buffers                                                  ; Off                ; Off                ;
; Ignore LCELL Buffers                                                       ; Off                ; Off                ;
; Ignore SOFT Buffers                                                        ; On                 ; On                 ;
; Limit AHDL Integers to 32 Bits                                             ; Off                ; Off                ;
; Optimization Technique                                                     ; Balanced           ; Balanced           ;
; Carry Chain Length                                                         ; 70                 ; 70                 ;
; Auto Carry Chains                                                          ; On                 ; On                 ;
; Auto Open-Drain Pins                                                       ; On                 ; On                 ;
; Perform WYSIWYG Primitive Resynthesis                                      ; Off                ; Off                ;
; Auto ROM Replacement                                                       ; On                 ; On                 ;
; Auto RAM Replacement                                                       ; On                 ; On                 ;
; Auto Shift Register Replacement                                            ; Auto               ; Auto               ;
; Allow Shift Register Merging across Hierarchies                            ; Auto               ; Auto               ;
; Auto Clock Enable Replacement                                              ; On                 ; On                 ;
; Strict RAM Replacement                                                     ; Off                ; Off                ;
; Allow Synchronous Control Signals                                          ; On                 ; On                 ;
; Force Use of Synchronous Clear Signals                                     ; Off                ; Off                ;
; Auto RAM to Logic Cell Conversion                                          ; Off                ; Off                ;
; Auto Resource Sharing                                                      ; Off                ; Off                ;
; Allow Any RAM Size For Recognition                                         ; Off                ; Off                ;
; Allow Any ROM Size For Recognition                                         ; Off                ; Off                ;
; Allow Any Shift Register Size For Recognition                              ; Off                ; Off                ;
; Use LogicLock Constraints during Resource Balancing                        ; On                 ; On                 ;
; Ignore translate_off and synthesis_off directives                          ; Off                ; Off                ;
; Timing-Driven Synthesis                                                    ; Off                ; Off                ;
; Report Parameter Settings                                                  ; On                 ; On                 ;
; Report Source Assignments                                                  ; On                 ; On                 ;
; Report Connectivity Checks                                                 ; On                 ; On                 ;
; Ignore Maximum Fan-Out Assignments                                         ; Off                ; Off                ;
; Synchronization Register Chain Length                                      ; 2                  ; 2                  ;
; PowerPlay Power Optimization                                               ; Normal compilation ; Normal compilation ;
; HDL message level                                                          ; Level2             ; Level2             ;
; Suppress Register Optimization Related Messages                            ; Off                ; Off                ;
; Number of Removed Registers Reported in Synthesis Report                   ; 5000               ; 5000               ;
; Number of Inverted Registers Reported in Synthesis Report                  ; 100                ; 100                ;
; Clock MUX Protection                                                       ; On                 ; On                 ;
; Auto Gated Clock Conversion                                                ; Off                ; Off                ;
; Block Design Naming                                                        ; Auto               ; Auto               ;
; SDC constraint protection                                                  ; Off                ; Off                ;
; Synthesis Effort                                                           ; Auto               ; Auto               ;
; Shift Register Replacement - Allow Asynchronous Clear Signal               ; On                 ; On                 ;
; Analysis & Synthesis Message Level                                         ; Medium             ; Medium             ;
; Disable Register Merging Across Hierarchies                                ; Auto               ; Auto               ;
; Resource Aware Inference For Block RAM                                     ; On                 ; On                 ;
; Synthesis Seed                                                             ; 1                  ; 1                  ;
+----------------------------------------------------------------------------+--------------------+--------------------+


+------------------------------------------+
; Parallel Compilation                     ;
+----------------------------+-------------+
; Processors                 ; Number      ;
+----------------------------+-------------+
; Number detected on machine ; 4           ;
; Maximum allowed            ; 4           ;
;                            ;             ;
; Average used               ; 1.00        ;
; Maximum used               ; 1           ;
;                            ;             ;
; Usage by Processor         ; % Time Used ;
;     1 processor            ; 100.0%      ;
;     2-4 processors         ;   0.0%      ;
+----------------------------+-------------+


+-------------------------------------------------------------------------------------------------------------------------------------------------------------------------------------------------------------------------+
; Analysis & Synthesis Source Files Read                                                                                                                                                                                  ;
+---------------------------------------------------------------------------+-----------------+----------------------------------------+----------------------------------------------------------------------------------+
; File Name with User-Entered Path                                          ; Used in Netlist ; File Type                              ; File Name with Absolute Path                                                     ;
+---------------------------------------------------------------------------+-----------------+----------------------------------------+----------------------------------------------------------------------------------+
; //SRVD/Homes$/zhangz64/Desktop/lab7/multicycle/multicycle/register_8bit.v ; yes             ; User Verilog HDL File                  ; //SRVD/Homes$/zhangz64/Desktop/lab7/multicycle/multicycle/register_8bit.v        ;
; //SRVD/Homes$/zhangz64/Desktop/lab7/multicycle/multicycle/mux2to1_8bit.v  ; yes             ; User Verilog HDL File                  ; //SRVD/Homes$/zhangz64/Desktop/lab7/multicycle/multicycle/mux2to1_8bit.v         ;
; //SRVD/Homes$/zhangz64/Desktop/lab7/multicycle/multicycle/multicycle.v    ; yes             ; User Verilog HDL File                  ; //SRVD/Homes$/zhangz64/Desktop/lab7/multicycle/multicycle/multicycle.v           ;
; //SRVD/Homes$/zhangz64/Desktop/lab7/multicycle/multicycle/DataMemory.v    ; yes             ; User Wizard-Generated File             ; //SRVD/Homes$/zhangz64/Desktop/lab7/multicycle/multicycle/DataMemory.v           ;
; //SRVD/Homes$/zhangz64/Desktop/lab7/multicycle/multicycle/ALU.v           ; yes             ; User Verilog HDL File                  ; //SRVD/Homes$/zhangz64/Desktop/lab7/multicycle/multicycle/ALU.v                  ;
; //SRVD/Homes$/zhangz64/Desktop/lab7/multicycle/multicycle/RF.v            ; yes             ; User Verilog HDL File                  ; //SRVD/Homes$/zhangz64/Desktop/lab7/multicycle/multicycle/RF.v                   ;
; //SRVD/Homes$/zhangz64/Desktop/lab7/multicycle/multicycle/extend.v        ; yes             ; User Verilog HDL File                  ; //SRVD/Homes$/zhangz64/Desktop/lab7/multicycle/multicycle/extend.v               ;
; //SRVD/Homes$/zhangz64/Desktop/lab7/multicycle/multicycle/HEX.v           ; yes             ; User Verilog HDL File                  ; //SRVD/Homes$/zhangz64/Desktop/lab7/multicycle/multicycle/HEX.v                  ;
; //SRVD/Homes$/zhangz64/Desktop/lab7/multicycle/multicycle/FSM.v           ; yes             ; User Verilog HDL File                  ; //SRVD/Homes$/zhangz64/Desktop/lab7/multicycle/multicycle/FSM.v                  ;
; //SRVD/Homes$/zhangz64/Desktop/lab7/multicycle/multicycle/memory.bdf      ; yes             ; User Block Diagram/Schematic File      ; //SRVD/Homes$/zhangz64/Desktop/lab7/multicycle/multicycle/memory.bdf             ;
; //SRVD/Homes$/zhangz64/Desktop/lab7/multicycle/multicycle/mux4to1_4bits.v ; yes             ; User Wizard-Generated File             ; //SRVD/Homes$/zhangz64/Desktop/lab7/multicycle/multicycle/mux4to1_4bits.v        ;
; //SRVD/Homes$/zhangz64/Desktop/lab7/multicycle/multicycle/mux6to1_8bit.v  ; yes             ; User Wizard-Generated File             ; //SRVD/Homes$/zhangz64/Desktop/lab7/multicycle/multicycle/mux6to1_8bit.v         ;
; altsyncram.tdf                                                            ; yes             ; Megafunction                           ; c:/altera/11.1/quartus/libraries/megafunctions/altsyncram.tdf                    ;
; stratix_ram_block.inc                                                     ; yes             ; Megafunction                           ; c:/altera/11.1/quartus/libraries/megafunctions/stratix_ram_block.inc             ;
; lpm_mux.inc                                                               ; yes             ; Megafunction                           ; c:/altera/11.1/quartus/libraries/megafunctions/lpm_mux.inc                       ;
; lpm_decode.inc                                                            ; yes             ; Megafunction                           ; c:/altera/11.1/quartus/libraries/megafunctions/lpm_decode.inc                    ;
; aglobal111.inc                                                            ; yes             ; Megafunction                           ; c:/altera/11.1/quartus/libraries/megafunctions/aglobal111.inc                    ;
; a_rdenreg.inc                                                             ; yes             ; Megafunction                           ; c:/altera/11.1/quartus/libraries/megafunctions/a_rdenreg.inc                     ;
; altrom.inc                                                                ; yes             ; Megafunction                           ; c:/altera/11.1/quartus/libraries/megafunctions/altrom.inc                        ;
; altram.inc                                                                ; yes             ; Megafunction                           ; c:/altera/11.1/quartus/libraries/megafunctions/altram.inc                        ;
; altdpram.inc                                                              ; yes             ; Megafunction                           ; c:/altera/11.1/quartus/libraries/megafunctions/altdpram.inc                      ;
; altsyncram_8mc1.tdf                                                       ; yes             ; Auto-Found AHDL File                   ; //SRVD/Homes$/zhangz64/Desktop/lab7/multicycle/multicycle/db/altsyncram_8mc1.tdf ;
; data.mif                                                                  ; yes             ; Auto-Found Memory Initialization File  ; //SRVD/Homes$/zhangz64/Desktop/lab7/multicycle/multicycle/data.mif               ;
; lpm_mux.tdf                                                               ; yes             ; Megafunction                           ; c:/altera/11.1/quartus/libraries/megafunctions/lpm_mux.tdf                       ;
; muxlut.inc                                                                ; yes             ; Megafunction                           ; c:/altera/11.1/quartus/libraries/megafunctions/muxlut.inc                        ;
; bypassff.inc                                                              ; yes             ; Megafunction                           ; c:/altera/11.1/quartus/libraries/megafunctions/bypassff.inc                      ;
; altshift.inc                                                              ; yes             ; Megafunction                           ; c:/altera/11.1/quartus/libraries/megafunctions/altshift.inc                      ;
; mux_pmc.tdf                                                               ; yes             ; Auto-Found AHDL File                   ; //SRVD/Homes$/zhangz64/Desktop/lab7/multicycle/multicycle/db/mux_pmc.tdf         ;
; mux_2nc.tdf                                                               ; yes             ; Auto-Found AHDL File                   ; //SRVD/Homes$/zhangz64/Desktop/lab7/multicycle/multicycle/db/mux_2nc.tdf         ;
+---------------------------------------------------------------------------+-----------------+----------------------------------------+----------------------------------------------------------------------------------+


+------------------------------------------------------+
; Analysis & Synthesis Resource Usage Summary          ;
+---------------------------------------------+--------+
; Resource                                    ; Usage  ;
+---------------------------------------------+--------+
; Estimated Total logic elements              ; 321    ;
;                                             ;        ;
; Total combinational functions               ; 270    ;
; Logic element usage by number of LUT inputs ;        ;
;     -- 4 input functions                    ; 175    ;
;     -- 3 input functions                    ; 71     ;
;     -- <=2 input functions                  ; 24     ;
;                                             ;        ;
; Logic elements by mode                      ;        ;
;     -- normal mode                          ; 256    ;
;     -- arithmetic mode                      ; 14     ;
;                                             ;        ;
; Total registers                             ; 106    ;
;     -- Dedicated logic registers            ; 106    ;
;     -- I/O registers                        ; 0      ;
;                                             ;        ;
; I/O pins                                    ; 86     ;
; Total memory bits                           ; 2048   ;
; Maximum fan-out node                        ; KEY[1] ;
; Maximum fan-out                             ; 114    ;
; Total fan-out                               ; 1525   ;
; Average fan-out                             ; 3.24   ;
+---------------------------------------------+--------+


+-------------------------------------------------------------------------------------------------------------------------------------------------------------------------------------------------------------------------------------------------------------------------------------+
; Analysis & Synthesis Resource Utilization by Entity                                                                                                                                                                                                                                 ;
+----------------------------------------------+-------------------+--------------+-------------+--------------+---------+-----------+------+--------------+-----------------------------------------------------------------------------------------------------------+--------------+
; Compilation Hierarchy Node                   ; LC Combinationals ; LC Registers ; Memory Bits ; DSP Elements ; DSP 9x9 ; DSP 18x18 ; Pins ; Virtual Pins ; Full Hierarchy Name                                                                                       ; Library Name ;
+----------------------------------------------+-------------------+--------------+-------------+--------------+---------+-----------+------+--------------+-----------------------------------------------------------------------------------------------------------+--------------+
; |multicycle                                  ; 270 (0)           ; 106 (2)      ; 2048        ; 0            ; 0       ; 0         ; 86   ; 0            ; |multicycle                                                                                               ;              ;
;    |ALU:ALU|                                 ; 77 (77)           ; 0 (0)        ; 0           ; 0            ; 0       ; 0         ; 0    ; 0            ; |multicycle|ALU:ALU                                                                                       ;              ;
;    |FSM:Control|                             ; 47 (47)           ; 24 (24)      ; 0           ; 0            ; 0       ; 0         ; 0    ; 0            ; |multicycle|FSM:Control                                                                                   ;              ;
;    |HEXs:HEX_display|                        ; 56 (0)            ; 0 (0)        ; 0           ; 0            ; 0       ; 0         ; 0    ; 0            ; |multicycle|HEXs:HEX_display                                                                              ;              ;
;       |HEX:hex0|                             ; 7 (7)             ; 0 (0)        ; 0           ; 0            ; 0       ; 0         ; 0    ; 0            ; |multicycle|HEXs:HEX_display|HEX:hex0                                                                     ;              ;
;       |HEX:hex1|                             ; 7 (7)             ; 0 (0)        ; 0           ; 0            ; 0       ; 0         ; 0    ; 0            ; |multicycle|HEXs:HEX_display|HEX:hex1                                                                     ;              ;
;       |HEX:hex2|                             ; 7 (7)             ; 0 (0)        ; 0           ; 0            ; 0       ; 0         ; 0    ; 0            ; |multicycle|HEXs:HEX_display|HEX:hex2                                                                     ;              ;
;       |HEX:hex3|                             ; 7 (7)             ; 0 (0)        ; 0           ; 0            ; 0       ; 0         ; 0    ; 0            ; |multicycle|HEXs:HEX_display|HEX:hex3                                                                     ;              ;
;       |HEX:hex4|                             ; 7 (7)             ; 0 (0)        ; 0           ; 0            ; 0       ; 0         ; 0    ; 0            ; |multicycle|HEXs:HEX_display|HEX:hex4                                                                     ;              ;
;       |HEX:hex5|                             ; 7 (7)             ; 0 (0)        ; 0           ; 0            ; 0       ; 0         ; 0    ; 0            ; |multicycle|HEXs:HEX_display|HEX:hex5                                                                     ;              ;
;       |HEX:hex6|                             ; 7 (7)             ; 0 (0)        ; 0           ; 0            ; 0       ; 0         ; 0    ; 0            ; |multicycle|HEXs:HEX_display|HEX:hex6                                                                     ;              ;
;       |HEX:hex7|                             ; 7 (7)             ; 0 (0)        ; 0           ; 0            ; 0       ; 0         ; 0    ; 0            ; |multicycle|HEXs:HEX_display|HEX:hex7                                                                     ;              ;
;    |RF:RF_block|                             ; 36 (36)           ; 32 (32)      ; 0           ; 0            ; 0       ; 0         ; 0    ; 0            ; |multicycle|RF:RF_block                                                                                   ;              ;
;    |memory:DataMem|                          ; 8 (0)             ; 0 (0)        ; 2048        ; 0            ; 0       ; 0         ; 0    ; 0            ; |multicycle|memory:DataMem                                                                                ;              ;
;       |DataMemory:inst|                      ; 0 (0)             ; 0 (0)        ; 2048        ; 0            ; 0       ; 0         ; 0    ; 0            ; |multicycle|memory:DataMem|DataMemory:inst                                                                ;              ;
;          |altsyncram:altsyncram_component|   ; 0 (0)             ; 0 (0)        ; 2048        ; 0            ; 0       ; 0         ; 0    ; 0            ; |multicycle|memory:DataMem|DataMemory:inst|altsyncram:altsyncram_component                                ;              ;
;             |altsyncram_8mc1:auto_generated| ; 0 (0)             ; 0 (0)        ; 2048        ; 0            ; 0       ; 0         ; 0    ; 0            ; |multicycle|memory:DataMem|DataMemory:inst|altsyncram:altsyncram_component|altsyncram_8mc1:auto_generated ;              ;
;       |mux2to1_8bit:inst3|                   ; 8 (8)             ; 0 (0)        ; 0           ; 0            ; 0       ; 0         ; 0    ; 0            ; |multicycle|memory:DataMem|mux2to1_8bit:inst3                                                             ;              ;
;    |mux2to1_8bit:ALU1_mux|                   ; 8 (8)             ; 0 (0)        ; 0           ; 0            ; 0       ; 0         ; 0    ; 0            ; |multicycle|mux2to1_8bit:ALU1_mux                                                                         ;              ;
;    |mux2to1_8bit:AddrSel_mux|                ; 8 (8)             ; 0 (0)        ; 0           ; 0            ; 0       ; 0         ; 0    ; 0            ; |multicycle|mux2to1_8bit:AddrSel_mux                                                                      ;              ;
;    |mux2to1_8bit:RegMux|                     ; 8 (8)             ; 0 (0)        ; 0           ; 0            ; 0       ; 0         ; 0    ; 0            ; |multicycle|mux2to1_8bit:RegMux                                                                           ;              ;
;    |mux4to1_4bits:R1Sel_mux|                 ; 4 (0)             ; 0 (0)        ; 0           ; 0            ; 0       ; 0         ; 0    ; 0            ; |multicycle|mux4to1_4bits:R1Sel_mux                                                                       ;              ;
;       |lpm_mux:LPM_MUX_component|            ; 4 (0)             ; 0 (0)        ; 0           ; 0            ; 0       ; 0         ; 0    ; 0            ; |multicycle|mux4to1_4bits:R1Sel_mux|lpm_mux:LPM_MUX_component                                             ;              ;
;          |mux_pmc:auto_generated|            ; 4 (4)             ; 0 (0)        ; 0           ; 0            ; 0       ; 0         ; 0    ; 0            ; |multicycle|mux4to1_4bits:R1Sel_mux|lpm_mux:LPM_MUX_component|mux_pmc:auto_generated                      ;              ;
;    |mux6to1_8bit:ALU2_mux|                   ; 18 (0)            ; 0 (0)        ; 0           ; 0            ; 0       ; 0         ; 0    ; 0            ; |multicycle|mux6to1_8bit:ALU2_mux                                                                         ;              ;
;       |lpm_mux:LPM_MUX_component|            ; 18 (0)            ; 0 (0)        ; 0           ; 0            ; 0       ; 0         ; 0    ; 0            ; |multicycle|mux6to1_8bit:ALU2_mux|lpm_mux:LPM_MUX_component                                               ;              ;
;          |mux_2nc:auto_generated|            ; 18 (18)           ; 0 (0)        ; 0           ; 0            ; 0       ; 0         ; 0    ; 0            ; |multicycle|mux6to1_8bit:ALU2_mux|lpm_mux:LPM_MUX_component|mux_2nc:auto_generated                        ;              ;
;    |register_8bit:ALUOut_reg|                ; 0 (0)             ; 8 (8)        ; 0           ; 0            ; 0       ; 0         ; 0    ; 0            ; |multicycle|register_8bit:ALUOut_reg                                                                      ;              ;
;    |register_8bit:IR_reg|                    ; 0 (0)             ; 8 (8)        ; 0           ; 0            ; 0       ; 0         ; 0    ; 0            ; |multicycle|register_8bit:IR_reg                                                                          ;              ;
;    |register_8bit:MDR_reg|                   ; 0 (0)             ; 8 (8)        ; 0           ; 0            ; 0       ; 0         ; 0    ; 0            ; |multicycle|register_8bit:MDR_reg                                                                         ;              ;
;    |register_8bit:PC|                        ; 0 (0)             ; 8 (8)        ; 0           ; 0            ; 0       ; 0         ; 0    ; 0            ; |multicycle|register_8bit:PC                                                                              ;              ;
;    |register_8bit:R1|                        ; 0 (0)             ; 8 (8)        ; 0           ; 0            ; 0       ; 0         ; 0    ; 0            ; |multicycle|register_8bit:R1                                                                              ;              ;
;    |register_8bit:R2|                        ; 0 (0)             ; 8 (8)        ; 0           ; 0            ; 0       ; 0         ; 0    ; 0            ; |multicycle|register_8bit:R2                                                                              ;              ;
+----------------------------------------------+-------------------+--------------+-------------+--------------+---------+-----------+------+--------------+-----------------------------------------------------------------------------------------------------------+--------------+
Note: For table entries with two numbers listed, the numbers in parentheses indicate the number of resources of the given type used by the specific entity alone. The numbers listed outside of parentheses indicate the total resources of the given type used by the specific entity and all of its sub-entities in the hierarchy.


+-------------------------------------------------------------------------------------------------------------------------------------------------------------------------------------------------------------+
; Analysis & Synthesis RAM Summary                                                                                                                                                                            ;
+----------------------------------------------------------------------------------------------------------+------+-------------+--------------+--------------+--------------+--------------+------+----------+
; Name                                                                                                     ; Type ; Mode        ; Port A Depth ; Port A Width ; Port B Depth ; Port B Width ; Size ; MIF      ;
+----------------------------------------------------------------------------------------------------------+------+-------------+--------------+--------------+--------------+--------------+------+----------+
; memory:DataMem|DataMemory:inst|altsyncram:altsyncram_component|altsyncram_8mc1:auto_generated|ALTSYNCRAM ; AUTO ; Single Port ; 256          ; 8            ; --           ; --           ; 2048 ; data.mif ;
+----------------------------------------------------------------------------------------------------------+------+-------------+--------------+--------------+--------------+--------------+------+----------+


+----------------------------------------------------------------------------------------------------------------------------------------------------------------------------------------+
; Analysis & Synthesis IP Cores Summary                                                                                                                                                  ;
+--------+--------------+---------+--------------+--------------+--------------------------------------------+---------------------------------------------------------------------------+
; Vendor ; IP Core Name ; Version ; Release Date ; License Type ; Entity Instance                            ; IP Include File                                                           ;
+--------+--------------+---------+--------------+--------------+--------------------------------------------+---------------------------------------------------------------------------+
; Altera ; LPM_RAM_DQ   ; N/A     ; N/A          ; N/A          ; |multicycle|memory:DataMem|DataMemory:inst ; //SRVD/Homes$/zhangz64/Desktop/lab7/multicycle/multicycle/DataMemory.v    ;
; Altera ; LPM_MUX      ; 11.1    ; N/A          ; N/A          ; |multicycle|mux4to1_4bits:R1Sel_mux        ; //SRVD/Homes$/zhangz64/Desktop/lab7/multicycle/multicycle/mux4to1_4bits.v ;
; Altera ; LPM_MUX      ; 11.1    ; N/A          ; N/A          ; |multicycle|mux6to1_8bit:ALU2_mux          ; //SRVD/Homes$/zhangz64/Desktop/lab7/multicycle/multicycle/mux6to1_8bit.v  ;
+--------+--------------+---------+--------------+--------------+--------------------------------------------+---------------------------------------------------------------------------+


Encoding Type:  One-Hot
+--------------------------------------------------------------------------------------------------------------------------------------------------------------------------------------------------------------------------------------------------------------------------------------------------------------------------------------------------------------------------------------------------+
; State Machine - |multicycle|FSM:Control|state                                                                                                                                                                                                                                                                                                                                                    ;
+----------------+--------------+--------------+--------------+--------------+----------------+----------------+----------------+----------------+----------------+--------------+-------------+--------------+----------------+---------------+---------------+--------------+--------------+--------------+----------------+----------------+--------------+----------+----------+---------------+
; Name           ; state.c3_jmp ; state.c5_jal ; state.c4_jal ; state.c3_jal ; state.c7_ldind ; state.c6_ldind ; state.c5_ldind ; state.c4_ldind ; state.c3_ldind ; state.c3_bnz ; state.c3_bz ; state.c3_bpz ; state.c3_store ; state.c4_load ; state.c3_load ; state.c5_ori ; state.c4_ori ; state.c3_ori ; state.c3_shift ; state.c4_asnsh ; state.c3_asn ; state.c2 ; state.c1 ; state.reset_s ;
+----------------+--------------+--------------+--------------+--------------+----------------+----------------+----------------+----------------+----------------+--------------+-------------+--------------+----------------+---------------+---------------+--------------+--------------+--------------+----------------+----------------+--------------+----------+----------+---------------+
; state.reset_s  ; 0            ; 0            ; 0            ; 0            ; 0              ; 0              ; 0              ; 0              ; 0              ; 0            ; 0           ; 0            ; 0              ; 0             ; 0             ; 0            ; 0            ; 0            ; 0              ; 0              ; 0            ; 0        ; 0        ; 0             ;
; state.c1       ; 0            ; 0            ; 0            ; 0            ; 0              ; 0              ; 0              ; 0              ; 0              ; 0            ; 0           ; 0            ; 0              ; 0             ; 0             ; 0            ; 0            ; 0            ; 0              ; 0              ; 0            ; 0        ; 1        ; 1             ;
; state.c2       ; 0            ; 0            ; 0            ; 0            ; 0              ; 0              ; 0              ; 0              ; 0              ; 0            ; 0           ; 0            ; 0              ; 0             ; 0             ; 0            ; 0            ; 0            ; 0              ; 0              ; 0            ; 1        ; 0        ; 1             ;
; state.c3_asn   ; 0            ; 0            ; 0            ; 0            ; 0              ; 0              ; 0              ; 0              ; 0              ; 0            ; 0           ; 0            ; 0              ; 0             ; 0             ; 0            ; 0            ; 0            ; 0              ; 0              ; 1            ; 0        ; 0        ; 1             ;
; state.c4_asnsh ; 0            ; 0            ; 0            ; 0            ; 0              ; 0              ; 0              ; 0              ; 0              ; 0            ; 0           ; 0            ; 0              ; 0             ; 0             ; 0            ; 0            ; 0            ; 0              ; 1              ; 0            ; 0        ; 0        ; 1             ;
; state.c3_shift ; 0            ; 0            ; 0            ; 0            ; 0              ; 0              ; 0              ; 0              ; 0              ; 0            ; 0           ; 0            ; 0              ; 0             ; 0             ; 0            ; 0            ; 0            ; 1              ; 0              ; 0            ; 0        ; 0        ; 1             ;
; state.c3_ori   ; 0            ; 0            ; 0            ; 0            ; 0              ; 0              ; 0              ; 0              ; 0              ; 0            ; 0           ; 0            ; 0              ; 0             ; 0             ; 0            ; 0            ; 1            ; 0              ; 0              ; 0            ; 0        ; 0        ; 1             ;
; state.c4_ori   ; 0            ; 0            ; 0            ; 0            ; 0              ; 0              ; 0              ; 0              ; 0              ; 0            ; 0           ; 0            ; 0              ; 0             ; 0             ; 0            ; 1            ; 0            ; 0              ; 0              ; 0            ; 0        ; 0        ; 1             ;
; state.c5_ori   ; 0            ; 0            ; 0            ; 0            ; 0              ; 0              ; 0              ; 0              ; 0              ; 0            ; 0           ; 0            ; 0              ; 0             ; 0             ; 1            ; 0            ; 0            ; 0              ; 0              ; 0            ; 0        ; 0        ; 1             ;
; state.c3_load  ; 0            ; 0            ; 0            ; 0            ; 0              ; 0              ; 0              ; 0              ; 0              ; 0            ; 0           ; 0            ; 0              ; 0             ; 1             ; 0            ; 0            ; 0            ; 0              ; 0              ; 0            ; 0        ; 0        ; 1             ;
; state.c4_load  ; 0            ; 0            ; 0            ; 0            ; 0              ; 0              ; 0              ; 0              ; 0              ; 0            ; 0           ; 0            ; 0              ; 1             ; 0             ; 0            ; 0            ; 0            ; 0              ; 0              ; 0            ; 0        ; 0        ; 1             ;
; state.c3_store ; 0            ; 0            ; 0            ; 0            ; 0              ; 0              ; 0              ; 0              ; 0              ; 0            ; 0           ; 0            ; 1              ; 0             ; 0             ; 0            ; 0            ; 0            ; 0              ; 0              ; 0            ; 0        ; 0        ; 1             ;
; state.c3_bpz   ; 0            ; 0            ; 0            ; 0            ; 0              ; 0              ; 0              ; 0              ; 0              ; 0            ; 0           ; 1            ; 0              ; 0             ; 0             ; 0            ; 0            ; 0            ; 0              ; 0              ; 0            ; 0        ; 0        ; 1             ;
; state.c3_bz    ; 0            ; 0            ; 0            ; 0            ; 0              ; 0              ; 0              ; 0              ; 0              ; 0            ; 1           ; 0            ; 0              ; 0             ; 0             ; 0            ; 0            ; 0            ; 0              ; 0              ; 0            ; 0        ; 0        ; 1             ;
; state.c3_bnz   ; 0            ; 0            ; 0            ; 0            ; 0              ; 0              ; 0              ; 0              ; 0              ; 1            ; 0           ; 0            ; 0              ; 0             ; 0             ; 0            ; 0            ; 0            ; 0              ; 0              ; 0            ; 0        ; 0        ; 1             ;
; state.c3_ldind ; 0            ; 0            ; 0            ; 0            ; 0              ; 0              ; 0              ; 0              ; 1              ; 0            ; 0           ; 0            ; 0              ; 0             ; 0             ; 0            ; 0            ; 0            ; 0              ; 0              ; 0            ; 0        ; 0        ; 1             ;
; state.c4_ldind ; 0            ; 0            ; 0            ; 0            ; 0              ; 0              ; 0              ; 1              ; 0              ; 0            ; 0           ; 0            ; 0              ; 0             ; 0             ; 0            ; 0            ; 0            ; 0              ; 0              ; 0            ; 0        ; 0        ; 1             ;
; state.c5_ldind ; 0            ; 0            ; 0            ; 0            ; 0              ; 0              ; 1              ; 0              ; 0              ; 0            ; 0           ; 0            ; 0              ; 0             ; 0             ; 0            ; 0            ; 0            ; 0              ; 0              ; 0            ; 0        ; 0        ; 1             ;
; state.c6_ldind ; 0            ; 0            ; 0            ; 0            ; 0              ; 1              ; 0              ; 0              ; 0              ; 0            ; 0           ; 0            ; 0              ; 0             ; 0             ; 0            ; 0            ; 0            ; 0              ; 0              ; 0            ; 0        ; 0        ; 1             ;
; state.c7_ldind ; 0            ; 0            ; 0            ; 0            ; 1              ; 0              ; 0              ; 0              ; 0              ; 0            ; 0           ; 0            ; 0              ; 0             ; 0             ; 0            ; 0            ; 0            ; 0              ; 0              ; 0            ; 0        ; 0        ; 1             ;
; state.c3_jal   ; 0            ; 0            ; 0            ; 1            ; 0              ; 0              ; 0              ; 0              ; 0              ; 0            ; 0           ; 0            ; 0              ; 0             ; 0             ; 0            ; 0            ; 0            ; 0              ; 0              ; 0            ; 0        ; 0        ; 1             ;
; state.c4_jal   ; 0            ; 0            ; 1            ; 0            ; 0              ; 0              ; 0              ; 0              ; 0              ; 0            ; 0           ; 0            ; 0              ; 0             ; 0             ; 0            ; 0            ; 0            ; 0              ; 0              ; 0            ; 0        ; 0        ; 1             ;
; state.c5_jal   ; 0            ; 1            ; 0            ; 0            ; 0              ; 0              ; 0              ; 0              ; 0              ; 0            ; 0           ; 0            ; 0              ; 0             ; 0             ; 0            ; 0            ; 0            ; 0              ; 0              ; 0            ; 0        ; 0        ; 1             ;
; state.c3_jmp   ; 1            ; 0            ; 0            ; 0            ; 0              ; 0              ; 0              ; 0              ; 0              ; 0            ; 0           ; 0            ; 0              ; 0             ; 0             ; 0            ; 0            ; 0            ; 0              ; 0              ; 0            ; 0        ; 0        ; 1             ;
+----------------+--------------+--------------+--------------+--------------+----------------+----------------+----------------+----------------+----------------+--------------+-------------+--------------+----------------+---------------+---------------+--------------+--------------+--------------+----------------+----------------+--------------+----------+----------+---------------+


+------------------------------------------------------------+
; Registers Removed During Synthesis                         ;
+---------------------------------------+--------------------+
; Register name                         ; Reason for Removal ;
+---------------------------------------+--------------------+
; FSM:Control|state~6                   ; Lost fanout        ;
; FSM:Control|state~7                   ; Lost fanout        ;
; FSM:Control|state~8                   ; Lost fanout        ;
; FSM:Control|state~9                   ; Lost fanout        ;
; FSM:Control|state~10                  ; Lost fanout        ;
; Total Number of Removed Registers = 5 ;                    ;
+---------------------------------------+--------------------+


+------------------------------------------------------+
; General Register Statistics                          ;
+----------------------------------------------+-------+
; Statistic                                    ; Value ;
+----------------------------------------------+-------+
; Total registers                              ; 106   ;
; Number of registers using Synchronous Clear  ; 0     ;
; Number of registers using Synchronous Load   ; 0     ;
; Number of registers using Asynchronous Clear ; 106   ;
; Number of registers using Asynchronous Load  ; 0     ;
; Number of registers using Clock Enable       ; 82    ;
; Number of registers using Preset             ; 0     ;
+----------------------------------------------+-------+


+-----------------------------------------------------------------------------------------------------------------------------------------------------------------+
; Multiplexer Restructuring Statistics (Restructuring Performed)                                                                                                  ;
+--------------------+-----------+---------------+----------------------+------------------------+-----------------------------------+----------------------------+
; Multiplexer Inputs ; Bus Width ; Baseline Area ; Area if Restructured ; Saving if Restructured ; Registered                        ; Example Multiplexer Output ;
+--------------------+-----------+---------------+----------------------+------------------------+-----------------------------------+----------------------------+
; 4:1                ; 8 bits    ; 16 LEs        ; 16 LEs               ; 0 LEs                  ; |multicycle|register_8bit:R2|q[5] ;                            ;
; 4:1                ; 8 bits    ; 16 LEs        ; 16 LEs               ; 0 LEs                  ; |multicycle|register_8bit:R1|q[5] ;                            ;
; 11:1               ; 4 bits    ; 28 LEs        ; 24 LEs               ; 4 LEs                  ; |multicycle|ALU:ALU|tmp_out[3]    ;                            ;
; 12:1               ; 2 bits    ; 16 LEs        ; 12 LEs               ; 4 LEs                  ; |multicycle|ALU:ALU|N             ;                            ;
; 12:1               ; 2 bits    ; 16 LEs        ; 12 LEs               ; 4 LEs                  ; |multicycle|ALU:ALU|tmp_out[1]    ;                            ;
+--------------------+-----------+---------------+----------------------+------------------------+-----------------------------------+----------------------------+


+----------------------------------------------------------------------------------------------------------------------+
; Source assignments for memory:DataMem|DataMemory:inst|altsyncram:altsyncram_component|altsyncram_8mc1:auto_generated ;
+---------------------------------+--------------------+------+--------------------------------------------------------+
; Assignment                      ; Value              ; From ; To                                                     ;
+---------------------------------+--------------------+------+--------------------------------------------------------+
; OPTIMIZE_POWER_DURING_SYNTHESIS ; NORMAL_COMPILATION ; -    ; -                                                      ;
+---------------------------------+--------------------+------+--------------------------------------------------------+


+----------------------------------------------------------+
; Parameter Settings for User Entity Instance: FSM:Control ;
+----------------+-------+---------------------------------+
; Parameter Name ; Value ; Type                            ;
+----------------+-------+---------------------------------+
; reset_s        ; 00000 ; Unsigned Binary                 ;
; c1             ; 00001 ; Unsigned Binary                 ;
; c2             ; 00010 ; Unsigned Binary                 ;
; c3_asn         ; 00011 ; Unsigned Binary                 ;
; c4_asnsh       ; 00100 ; Unsigned Binary                 ;
; c3_shift       ; 00101 ; Unsigned Binary                 ;
; c3_ori         ; 00110 ; Unsigned Binary                 ;
; c4_ori         ; 00111 ; Unsigned Binary                 ;
; c5_ori         ; 01000 ; Unsigned Binary                 ;
; c3_load        ; 01001 ; Unsigned Binary                 ;
; c4_load        ; 01010 ; Unsigned Binary                 ;
; c3_store       ; 01011 ; Unsigned Binary                 ;
; c3_bpz         ; 01100 ; Unsigned Binary                 ;
; c3_bz          ; 01101 ; Unsigned Binary                 ;
; c3_bnz         ; 01110 ; Unsigned Binary                 ;
; c3_ldind       ; 01111 ; Unsigned Binary                 ;
; c4_ldind       ; 10000 ; Unsigned Binary                 ;
; c5_ldind       ; 10001 ; Unsigned Binary                 ;
; c6_ldind       ; 10010 ; Unsigned Binary                 ;
; c7_ldind       ; 10011 ; Unsigned Binary                 ;
; c3_jal         ; 10100 ; Unsigned Binary                 ;
; c4_jal         ; 10101 ; Unsigned Binary                 ;
; c5_jal         ; 10110 ; Unsigned Binary                 ;
; c3_jmp         ; 10111 ; Unsigned Binary                 ;
+----------------+-------+---------------------------------+
Note: In order to hide this table in the UI and the text report file, please set the "Show Parameter Settings in Synthesis Report" option in "Analysis and Synthesis Settings -> More Settings" to "Off".


+-------------------------------------------------------------------------------------------------------------+
; Parameter Settings for User Entity Instance: memory:DataMem|DataMemory:inst|altsyncram:altsyncram_component ;
+------------------------------------+----------------------+-------------------------------------------------+
; Parameter Name                     ; Value                ; Type                                            ;
+------------------------------------+----------------------+-------------------------------------------------+
; BYTE_SIZE_BLOCK                    ; 8                    ; Untyped                                         ;
; AUTO_CARRY_CHAINS                  ; ON                   ; AUTO_CARRY                                      ;
; IGNORE_CARRY_BUFFERS               ; OFF                  ; IGNORE_CARRY                                    ;
; AUTO_CASCADE_CHAINS                ; ON                   ; AUTO_CASCADE                                    ;
; IGNORE_CASCADE_BUFFERS             ; OFF                  ; IGNORE_CASCADE                                  ;
; WIDTH_BYTEENA                      ; 1                    ; Untyped                                         ;
; OPERATION_MODE                     ; SINGLE_PORT          ; Untyped                                         ;
; WIDTH_A                            ; 8                    ; Signed Integer                                  ;
; WIDTHAD_A                          ; 8                    ; Signed Integer                                  ;
; NUMWORDS_A                         ; 256                  ; Signed Integer                                  ;
; OUTDATA_REG_A                      ; UNREGISTERED         ; Untyped                                         ;
; ADDRESS_ACLR_A                     ; NONE                 ; Untyped                                         ;
; OUTDATA_ACLR_A                     ; NONE                 ; Untyped                                         ;
; WRCONTROL_ACLR_A                   ; NONE                 ; Untyped                                         ;
; INDATA_ACLR_A                      ; NONE                 ; Untyped                                         ;
; BYTEENA_ACLR_A                     ; NONE                 ; Untyped                                         ;
; WIDTH_B                            ; 1                    ; Untyped                                         ;
; WIDTHAD_B                          ; 1                    ; Untyped                                         ;
; NUMWORDS_B                         ; 1                    ; Untyped                                         ;
; INDATA_REG_B                       ; CLOCK1               ; Untyped                                         ;
; WRCONTROL_WRADDRESS_REG_B          ; CLOCK1               ; Untyped                                         ;
; RDCONTROL_REG_B                    ; CLOCK1               ; Untyped                                         ;
; ADDRESS_REG_B                      ; CLOCK1               ; Untyped                                         ;
; OUTDATA_REG_B                      ; UNREGISTERED         ; Untyped                                         ;
; BYTEENA_REG_B                      ; CLOCK1               ; Untyped                                         ;
; INDATA_ACLR_B                      ; NONE                 ; Untyped                                         ;
; WRCONTROL_ACLR_B                   ; NONE                 ; Untyped                                         ;
; ADDRESS_ACLR_B                     ; NONE                 ; Untyped                                         ;
; OUTDATA_ACLR_B                     ; NONE                 ; Untyped                                         ;
; RDCONTROL_ACLR_B                   ; NONE                 ; Untyped                                         ;
; BYTEENA_ACLR_B                     ; NONE                 ; Untyped                                         ;
; WIDTH_BYTEENA_A                    ; 1                    ; Signed Integer                                  ;
; WIDTH_BYTEENA_B                    ; 1                    ; Untyped                                         ;
; RAM_BLOCK_TYPE                     ; AUTO                 ; Untyped                                         ;
; BYTE_SIZE                          ; 8                    ; Untyped                                         ;
; READ_DURING_WRITE_MODE_MIXED_PORTS ; DONT_CARE            ; Untyped                                         ;
; READ_DURING_WRITE_MODE_PORT_A      ; NEW_DATA_NO_NBE_READ ; Untyped                                         ;
; READ_DURING_WRITE_MODE_PORT_B      ; NEW_DATA_NO_NBE_READ ; Untyped                                         ;
; INIT_FILE                          ; data.mif             ; Untyped                                         ;
; INIT_FILE_LAYOUT                   ; PORT_A               ; Untyped                                         ;
; MAXIMUM_DEPTH                      ; 0                    ; Untyped                                         ;
; CLOCK_ENABLE_INPUT_A               ; BYPASS               ; Untyped                                         ;
; CLOCK_ENABLE_INPUT_B               ; NORMAL               ; Untyped                                         ;
; CLOCK_ENABLE_OUTPUT_A              ; BYPASS               ; Untyped                                         ;
; CLOCK_ENABLE_OUTPUT_B              ; NORMAL               ; Untyped                                         ;
; CLOCK_ENABLE_CORE_A                ; USE_INPUT_CLKEN      ; Untyped                                         ;
; CLOCK_ENABLE_CORE_B                ; USE_INPUT_CLKEN      ; Untyped                                         ;
; ENABLE_ECC                         ; FALSE                ; Untyped                                         ;
; WIDTH_ECCSTATUS                    ; 3                    ; Untyped                                         ;
; DEVICE_FAMILY                      ; Cyclone II           ; Untyped                                         ;
; CBXI_PARAMETER                     ; altsyncram_8mc1      ; Untyped                                         ;
+------------------------------------+----------------------+-------------------------------------------------+
Note: In order to hide this table in the UI and the text report file, please set the "Show Parameter Settings in Synthesis Report" option in "Analysis and Synthesis Settings -> More Settings" to "Off".


+------------------------------------------------------------------------------------------------+
; Parameter Settings for User Entity Instance: mux4to1_4bits:R1Sel_mux|lpm_mux:LPM_MUX_component ;
+------------------------+------------+----------------------------------------------------------+
; Parameter Name         ; Value      ; Type                                                     ;
+------------------------+------------+----------------------------------------------------------+
; AUTO_CARRY_CHAINS      ; ON         ; AUTO_CARRY                                               ;
; IGNORE_CARRY_BUFFERS   ; OFF        ; IGNORE_CARRY                                             ;
; AUTO_CASCADE_CHAINS    ; ON         ; AUTO_CASCADE                                             ;
; IGNORE_CASCADE_BUFFERS ; OFF        ; IGNORE_CASCADE                                           ;
; LPM_WIDTH              ; 2          ; Signed Integer                                           ;
; LPM_SIZE               ; 4          ; Signed Integer                                           ;
; LPM_WIDTHS             ; 2          ; Signed Integer                                           ;
; LPM_PIPELINE           ; 0          ; Untyped                                                  ;
; CBXI_PARAMETER         ; mux_pmc    ; Untyped                                                  ;
; DEVICE_FAMILY          ; Cyclone II ; Untyped                                                  ;
+------------------------+------------+----------------------------------------------------------+
Note: In order to hide this table in the UI and the text report file, please set the "Show Parameter Settings in Synthesis Report" option in "Analysis and Synthesis Settings -> More Settings" to "Off".


+----------------------------------------------------------------------------------------------+
; Parameter Settings for User Entity Instance: mux6to1_8bit:ALU2_mux|lpm_mux:LPM_MUX_component ;
+------------------------+------------+--------------------------------------------------------+
; Parameter Name         ; Value      ; Type                                                   ;
+------------------------+------------+--------------------------------------------------------+
; AUTO_CARRY_CHAINS      ; ON         ; AUTO_CARRY                                             ;
; IGNORE_CARRY_BUFFERS   ; OFF        ; IGNORE_CARRY                                           ;
; AUTO_CASCADE_CHAINS    ; ON         ; AUTO_CASCADE                                           ;
; IGNORE_CASCADE_BUFFERS ; OFF        ; IGNORE_CASCADE                                         ;
; LPM_WIDTH              ; 8          ; Signed Integer                                         ;
; LPM_SIZE               ; 6          ; Signed Integer                                         ;
; LPM_WIDTHS             ; 3          ; Signed Integer                                         ;
; LPM_PIPELINE           ; 0          ; Untyped                                                ;
; CBXI_PARAMETER         ; mux_2nc    ; Untyped                                                ;
; DEVICE_FAMILY          ; Cyclone II ; Untyped                                                ;
+------------------------+------------+--------------------------------------------------------+
Note: In order to hide this table in the UI and the text report file, please set the "Show Parameter Settings in Synthesis Report" option in "Analysis and Synthesis Settings -> More Settings" to "Off".


+----------------------------------------------------------+
; Parameter Settings for User Entity Instance: sExtend:SE4 ;
+----------------+-------+---------------------------------+
; Parameter Name ; Value ; Type                            ;
+----------------+-------+---------------------------------+
; n              ; 4     ; Signed Integer                  ;
+----------------+-------+---------------------------------+
Note: In order to hide this table in the UI and the text report file, please set the "Show Parameter Settings in Synthesis Report" option in "Analysis and Synthesis Settings -> More Settings" to "Off".


+----------------------------------------------------------+
; Parameter Settings for User Entity Instance: zExtend:ZE3 ;
+----------------+-------+---------------------------------+
; Parameter Name ; Value ; Type                            ;
+----------------+-------+---------------------------------+
; n              ; 3     ; Signed Integer                  ;
+----------------+-------+---------------------------------+
Note: In order to hide this table in the UI and the text report file, please set the "Show Parameter Settings in Synthesis Report" option in "Analysis and Synthesis Settings -> More Settings" to "Off".


+----------------------------------------------------------+
; Parameter Settings for User Entity Instance: zExtend:ZE5 ;
+----------------+-------+---------------------------------+
; Parameter Name ; Value ; Type                            ;
+----------------+-------+---------------------------------+
; n              ; 5     ; Signed Integer                  ;
+----------------+-------+---------------------------------+
Note: In order to hide this table in the UI and the text report file, please set the "Show Parameter Settings in Synthesis Report" option in "Analysis and Synthesis Settings -> More Settings" to "Off".


+------------------------------------------------------------------------------------------------------------+
; altsyncram Parameter Settings by Entity Instance                                                           ;
+-------------------------------------------+----------------------------------------------------------------+
; Name                                      ; Value                                                          ;
+-------------------------------------------+----------------------------------------------------------------+
; Number of entity instances                ; 1                                                              ;
; Entity Instance                           ; memory:DataMem|DataMemory:inst|altsyncram:altsyncram_component ;
;     -- OPERATION_MODE                     ; SINGLE_PORT                                                    ;
;     -- WIDTH_A                            ; 8                                                              ;
;     -- NUMWORDS_A                         ; 256                                                            ;
;     -- OUTDATA_REG_A                      ; UNREGISTERED                                                   ;
;     -- WIDTH_B                            ; 1                                                              ;
;     -- NUMWORDS_B                         ; 1                                                              ;
;     -- ADDRESS_REG_B                      ; CLOCK1                                                         ;
;     -- OUTDATA_REG_B                      ; UNREGISTERED                                                   ;
;     -- RAM_BLOCK_TYPE                     ; AUTO                                                           ;
;     -- READ_DURING_WRITE_MODE_MIXED_PORTS ; DONT_CARE                                                      ;
+-------------------------------------------+----------------------------------------------------------------+


+---------------------------------------------------+
; Port Connectivity Checks: "mux6to1_8bit:ALU2_mux" ;
+--------------+-------+----------+-----------------+
; Port         ; Type  ; Severity ; Details         ;
+--------------+-------+----------+-----------------+
; data1x[7..2] ; Input ; Info     ; Stuck at GND    ;
; data5x       ; Input ; Info     ; Stuck at GND    ;
+--------------+-------+----------+-----------------+


+----------------------------------------------------------------------------------------------------------------+
; Port Connectivity Checks: "RF:RF_block"                                                                        ;
+------+--------+----------+-------------------------------------------------------------------------------------+
; Port ; Type   ; Severity ; Details                                                                             ;
+------+--------+----------+-------------------------------------------------------------------------------------+
; r3   ; Output ; Info     ; Connected to dangling logic. Logic that only feeds a dangling port will be removed. ;
+------+--------+----------+-------------------------------------------------------------------------------------+


+-------------------------------+
; Elapsed Time Per Partition    ;
+----------------+--------------+
; Partition Name ; Elapsed Time ;
+----------------+--------------+
; Top            ; 00:00:21     ;
+----------------+--------------+


+-------------------------------+
; Analysis & Synthesis Messages ;
+-------------------------------+
Info: *******************************************************************
Info: Running Quartus II 64-Bit Analysis & Synthesis
    Info: Version 11.1 Build 259 01/25/2012 Service Pack 2 SJ Full Version
    Info: Processing started: Tue Mar 25 11:43:23 2014
Info: Command: quartus_map --read_settings_files=on --write_settings_files=off multicycle -c multicycle
Info (20030): Parallel compilation is enabled and will use 4 of the 4 processors detected
Info (12021): Found 1 design units, including 1 entities, in source file register_8bit.v
    Info (12023): Found entity 1: register_8bit
Info (12021): Found 1 design units, including 1 entities, in source file mux2to1_8bit.v
    Info (12023): Found entity 1: mux2to1_8bit
Info (12021): Found 1 design units, including 1 entities, in source file mux2to1_2bit.v
    Info (12023): Found entity 1: mux2to1_2bit
Info (12021): Found 1 design units, including 1 entities, in source file mux5to1_8bit.v
    Info (12023): Found entity 1: mux5to1_8bit
Info (12021): Found 1 design units, including 1 entities, in source file dualmem.v
    Info (12023): Found entity 1: DualMem
Info (12021): Found 1 design units, including 1 entities, in source file multicycle.v
    Info (12023): Found entity 1: multicycle
Info (12021): Found 1 design units, including 1 entities, in source file datamemory.v
    Info (12023): Found entity 1: DataMemory
Info (12021): Found 1 design units, including 1 entities, in source file alu.v
    Info (12023): Found entity 1: ALU
Info (12021): Found 1 design units, including 1 entities, in source file rf.v
    Info (12023): Found entity 1: RF
Info (12021): Found 2 design units, including 2 entities, in source file extend.v
    Info (12023): Found entity 1: zExtend
    Info (12023): Found entity 2: sExtend
Info (12021): Found 3 design units, including 3 entities, in source file hex.v
    Info (12023): Found entity 1: chooseHEXs
    Info (12023): Found entity 2: HEXs
    Info (12023): Found entity 3: HEX
Info (12021): Found 1 design units, including 1 entities, in source file fsm.v
    Info (12023): Found entity 1: FSM
Info (12021): Found 1 design units, including 1 entities, in source file memory.bdf
    Info (12023): Found entity 1: memory
Info (12021): Found 1 design units, including 1 entities, in source file mux4to1_4bits.v
    Info (12023): Found entity 1: mux4to1_4bits
Info (12021): Found 1 design units, including 1 entities, in source file mux5to1.v
    Info (12023): Found entity 1: mux5to1
Info (12021): Found 1 design units, including 1 entities, in source file mux6to1_8bit.v
    Info (12023): Found entity 1: mux6to1_8bit
Info (12127): Elaborating entity "multicycle" for the top level hierarchy
Warning (10034): Output port "LEDR[12]" at multicycle.v(38) has no driver
Info (12128): Elaborating entity "HEXs" for hierarchy "HEXs:HEX_display"
Info (12128): Elaborating entity "HEX" for hierarchy "HEXs:HEX_display|HEX:hex0"
Info (12128): Elaborating entity "FSM" for hierarchy "FSM:Control"
Info (12128): Elaborating entity "memory" for hierarchy "memory:DataMem"
Info (12128): Elaborating entity "mux2to1_8bit" for hierarchy "memory:DataMem|mux2to1_8bit:inst3"
Info (12128): Elaborating entity "DataMemory" for hierarchy "memory:DataMem|DataMemory:inst"
Info (12128): Elaborating entity "altsyncram" for hierarchy "memory:DataMem|DataMemory:inst|altsyncram:altsyncram_component"
Info (12130): Elaborated megafunction instantiation "memory:DataMem|DataMemory:inst|altsyncram:altsyncram_component"
Info (12133): Instantiated megafunction "memory:DataMem|DataMemory:inst|altsyncram:altsyncram_component" with the following parameter:
    Info (12134): Parameter "clock_enable_input_a" = "BYPASS"
    Info (12134): Parameter "clock_enable_output_a" = "BYPASS"
    Info (12134): Parameter "init_file" = "data.mif"
    Info (12134): Parameter "intended_device_family" = "Cyclone II"
    Info (12134): Parameter "lpm_hint" = "ENABLE_RUNTIME_MOD=NO"
    Info (12134): Parameter "lpm_type" = "altsyncram"
    Info (12134): Parameter "numwords_a" = "256"
    Info (12134): Parameter "operation_mode" = "SINGLE_PORT"
    Info (12134): Parameter "outdata_aclr_a" = "NONE"
    Info (12134): Parameter "outdata_reg_a" = "UNREGISTERED"
    Info (12134): Parameter "power_up_uninitialized" = "FALSE"
    Info (12134): Parameter "widthad_a" = "8"
    Info (12134): Parameter "width_a" = "8"
    Info (12134): Parameter "width_byteena_a" = "1"
Warning (12125): Using design file db/altsyncram_8mc1.tdf, which is not specified as a design file for the current project, but contains definitions for 1 design units and 1 entities in project
    Info (12023): Found entity 1: altsyncram_8mc1
Info (12128): Elaborating entity "altsyncram_8mc1" for hierarchy "memory:DataMem|DataMemory:inst|altsyncram:altsyncram_component|altsyncram_8mc1:auto_generated"
Info (12128): Elaborating entity "ALU" for hierarchy "ALU:ALU"
Info (12128): Elaborating entity "RF" for hierarchy "RF:RF_block"
Info (12128): Elaborating entity "register_8bit" for hierarchy "register_8bit:IR_reg"
Info (12128): Elaborating entity "mux4to1_4bits" for hierarchy "mux4to1_4bits:R1Sel_mux"
Info (12128): Elaborating entity "lpm_mux" for hierarchy "mux4to1_4bits:R1Sel_mux|lpm_mux:LPM_MUX_component"
Info (12130): Elaborated megafunction instantiation "mux4to1_4bits:R1Sel_mux|lpm_mux:LPM_MUX_component"
Info (12133): Instantiated megafunction "mux4to1_4bits:R1Sel_mux|lpm_mux:LPM_MUX_component" with the following parameter:
    Info (12134): Parameter "lpm_size" = "4"
    Info (12134): Parameter "lpm_type" = "LPM_MUX"
    Info (12134): Parameter "lpm_width" = "2"
    Info (12134): Parameter "lpm_widths" = "2"
Warning (12125): Using design file db/mux_pmc.tdf, which is not specified as a design file for the current project, but contains definitions for 1 design units and 1 entities in project
    Info (12023): Found entity 1: mux_pmc
Info (12128): Elaborating entity "mux_pmc" for hierarchy "mux4to1_4bits:R1Sel_mux|lpm_mux:LPM_MUX_component|mux_pmc:auto_generated"
Info (12128): Elaborating entity "mux6to1_8bit" for hierarchy "mux6to1_8bit:ALU2_mux"
Info (12128): Elaborating entity "lpm_mux" for hierarchy "mux6to1_8bit:ALU2_mux|lpm_mux:LPM_MUX_component"
Info (12130): Elaborated megafunction instantiation "mux6to1_8bit:ALU2_mux|lpm_mux:LPM_MUX_component"
Info (12133): Instantiated megafunction "mux6to1_8bit:ALU2_mux|lpm_mux:LPM_MUX_component" with the following parameter:
    Info (12134): Parameter "lpm_size" = "6"
    Info (12134): Parameter "lpm_type" = "LPM_MUX"
    Info (12134): Parameter "lpm_width" = "8"
    Info (12134): Parameter "lpm_widths" = "3"
Warning (12125): Using design file db/mux_2nc.tdf, which is not specified as a design file for the current project, but contains definitions for 1 design units and 1 entities in project
    Info (12023): Found entity 1: mux_2nc
Info (12128): Elaborating entity "mux_2nc" for hierarchy "mux6to1_8bit:ALU2_mux|lpm_mux:LPM_MUX_component|mux_2nc:auto_generated"
Info (12128): Elaborating entity "sExtend" for hierarchy "sExtend:SE4"
Info (12128): Elaborating entity "zExtend" for hierarchy "zExtend:ZE3"
Info (12128): Elaborating entity "zExtend" for hierarchy "zExtend:ZE5"
Warning (13024): Output pins are stuck at VCC or GND
    Warning (13410): Pin "LEDG[2]" is stuck at GND
    Warning (13410): Pin "LEDG[3]" is stuck at GND
    Warning (13410): Pin "LEDG[4]" is stuck at GND
    Warning (13410): Pin "LEDG[5]" is stuck at GND
    Warning (13410): Pin "LEDG[6]" is stuck at GND
    Warning (13410): Pin "LEDR[12]" is stuck at GND
Info (17049): 5 registers lost all their fanouts during netlist optimizations. The first 5 are displayed below.
    Info (17050): Register "FSM:Control|state~6" lost all its fanouts during netlist optimizations.
    Info (17050): Register "FSM:Control|state~7" lost all its fanouts during netlist optimizations.
    Info (17050): Register "FSM:Control|state~8" lost all its fanouts during netlist optimizations.
    Info (17050): Register "FSM:Control|state~9" lost all its fanouts during netlist optimizations.
    Info (17050): Register "FSM:Control|state~10" lost all its fanouts during netlist optimizations.
Info (16010): Generating hard_block partition "hard_block:auto_generated_inst"
Warning (21074): Design contains 2 input pin(s) that do not drive logic
    Warning (15610): No output dependent on input pin "SW[0]"
    Warning (15610): No output dependent on input pin "SW[1]"
Info (21057): Implemented 440 device resources after synthesis - the final resource count might be different
    Info (21058): Implemented 4 input pins
    Info (21059): Implemented 82 output pins
    Info (21061): Implemented 346 logic cells
    Info (21064): Implemented 8 RAM segments
Info: Quartus II 64-Bit Analysis & Synthesis was successful. 0 errors, 14 warnings
    Info: Peak virtual memory: 401 megabytes
    Info: Processing ended: Tue Mar 25 11:43:53 2014
    Info: Elapsed time: 00:00:30
    Info: Total CPU time (on all processors): 00:00:17


